<?xml version="1.0" encoding="UTF-8"?>
<testng-results ignored="0" total="2" passed="2" failed="0" skipped="0">
  <reporter-output>
  </reporter-output>
  <suite started-at="2025-05-07T20:09:52 IST" name="Default suite" finished-at="2025-05-07T20:09:52 IST" duration-ms="133">
    <groups>
    </groups>
    <test started-at="2025-05-07T20:09:52 IST" name="Default test" finished-at="2025-05-07T20:09:52 IST" duration-ms="133">
      <class name="SanthoshFramework.Practice.HashMapConcept">
        <test-method signature="ActualSet(java.util.HashMap)[pri:0, instance:SanthoshFramework.Practice.HashMapConcept@2df3b89c]" started-at="2025-05-07T20:09:52 IST" name="ActualSet" data-provider="getData" finished-at="2025-05-07T20:09:52 IST" duration-ms="18" status="PASS">
          <params>
            <param index="0">
              <value>
                <![CDATA[{phone=8332977899, email=santhoshgrandhi9@gmail.com, Name=Santhosh}]]>
              </value>
            </param>
          </params>
          <reporter-output>
          </reporter-output>
        </test-method> <!-- ActualSet -->
        <test-method signature="ActualSet(java.util.HashMap)[pri:0, instance:SanthoshFramework.Practice.HashMapConcept@2df3b89c]" started-at="2025-05-07T20:09:52 IST" name="ActualSet" data-provider="getData" finished-at="2025-05-07T20:09:52 IST" duration-ms="3" status="PASS">
          <params>
            <param index="0">
              <value>
                <![CDATA[{phone=8919224413, email=santhoshindia999@gmail.com, Name=Kranthi}]]>
              </value>
            </param>
          </params>
          <reporter-output>
          </reporter-output>
        </test-method> <!-- ActualSet -->
      </class> <!-- SanthoshFramework.Practice.HashMapConcept -->
    </test> <!-- Default test -->
  </suite> <!-- Default suite -->
</testng-results>
